3,1,4,5,2 ø computers,accessories,books,digital_cameras
5 Kevin computers,accessories,books
2 Nelson computers,digital_cameras,books
1 Rick computers,accessories
ø Peter,Simon,Kevin,Nelson,Rick computers,accessories,books,digital_cameras
3,4,5,1 Kevin books,accessories
3,4,5 Kevin,Rick books,accessories
3,4,1 Kevin,Peter books,accessories
3,4 Kevin,Peter,Rick books,accessories
3,4,2,5 Rick books,accessories
3,1,4 Peter books,accessories,digital_cameras
4,1 Kevin,Peter,Nelson books
4 Kevin,Peter,Nelson,Rick books
4,1,2 Nelson books,digital_cameras
4,1 Nelson,Peter books,digital_cameras
4,2 Nelson,Rick books
5,2 Rick books,accessories,digital_cameras
2 Nelson,Rick books,digital_cameras
1 Peter,Nelson books,accessories,digital_cameras
1 Peter,Nelson,Kevin books,accessories
2 Peter,Kevin,Rick digital_cameras,accessories
5,1 Peter,Nelson digital_cameras,accessories
5 Peter,Nelson,Rick digital_cameras,accessories
2,5 Peter,Rick digital_cameras,accessories
1,3,4,5,2 Peter digital_cameras,accessories
2 Peter,Nelson,Kevin,Simon,Rick digital_cameras
2,5 Peter,Nelson,Rick digital_cameras
2,4 Peter,Nelson,Simon digital_cameras
2,4,1,5,3 Peter,Nelson digital_cameras
1,5 Peter,Rick,Kevin,Nelson,Simon accessories
1,5,3 Peter,Rick,Kevin,Simon accessories
1,5,3,4,2 Peter,Rick,Kevin accessories
1,5,3,4,2 Peter,Rick,Kevin,Simon,Nelson ø
